<?xml version="1.0" encoding="UTF-8"?>
<!-- Generated by org.testng.reporters.JUnitXMLReporter -->
<testsuite hostname="LAPAA00102" name="Default test" tests="1" failures="0" timestamp="29 Oct 2020 19:02:39 GMT" time="0.019" errors="0">
  <testcase name="@BeforeSuite setUp" time="0.0" classname="com.crm.qa.testcases.SeleniumTest">
    <failure type="org.openqa.selenium.WebDriverException" message="unknown error: Chrome failed to start: exited normally
  (unknown error: DevToolsActivePort file doesn&amp;apos;t exist)
  (The process started from chrome location C:\Program Files (x86)\Google\Chrome\Application\chrome.exe is no longer running, so ChromeDriver is assuming that Chrome has crashed.)
Build info: version: &amp;apos;3.141.59&amp;apos;, revision: &amp;apos;e82be7d358&amp;apos;, time: &amp;apos;2018-11-14T08:17:03&amp;apos;
System info: host: &amp;apos;LAPAA00102&amp;apos;, ip: &amp;apos;192.168.99.1&amp;apos;, os.name: &amp;apos;Windows 10&amp;apos;, os.arch: &amp;apos;amd64&amp;apos;, os.version: &amp;apos;10.0&amp;apos;, java.version: &amp;apos;1.8.0_241&amp;apos;
Driver info: driver.version: ChromeDriver
remote stacktrace: Backtrace:
	Ordinal0 [0x0129A923+1550627]
	Ordinal0 [0x0121A731+1025841]
	Ordinal0 [0x0119C715+509717]
	Ordinal0 [0x0112CB0B+51979]
	Ordinal0 [0x0114ACE7+175335]
	Ordinal0 [0x0114A8ED+174317]
	Ordinal0 [0x01148CDB+167131]
	Ordinal0 [0x0113144A+70730]
	Ordinal0 [0x011324D0+74960]
	Ordinal0 [0x01132469+74857]
	Ordinal0 [0x012342F7+1131255]
	GetHandleVerifier [0x0133711D+523789]
	GetHandleVerifier [0x01336EB0+523168]
	GetHandleVerifier [0x0133E207+552695]
	GetHandleVerifier [0x0133791A+525834]
	Ordinal0 [0x0122B82C+1095724]
	Ordinal0 [0x0123636B+1139563]
	Ordinal0 [0x012364D3+1139923]
	Ordinal0 [0x01235455+1135701]
	BaseThreadInitThunk [0x748C8494+36]
	RtlAreBitsSet [0x77E94328+136]
	RtlAreBitsSet [0x77E942F8+88]
">
      <![CDATA[org.openqa.selenium.WebDriverException: unknown error: Chrome failed to start: exited normally
  (unknown error: DevToolsActivePort file doesn't exist)
  (The process started from chrome location C:\Program Files (x86)\Google\Chrome\Application\chrome.exe is no longer running, so ChromeDriver is assuming that Chrome has crashed.)
Build info: version: '3.141.59', revision: 'e82be7d358', time: '2018-11-14T08:17:03'
System info: host: 'LAPAA00102', ip: '192.168.99.1', os.name: 'Windows 10', os.arch: 'amd64', os.version: '10.0', java.version: '1.8.0_241'
Driver info: driver.version: ChromeDriver
remote stacktrace: Backtrace:
	Ordinal0 [0x0129A923+1550627]
	Ordinal0 [0x0121A731+1025841]
	Ordinal0 [0x0119C715+509717]
	Ordinal0 [0x0112CB0B+51979]
	Ordinal0 [0x0114ACE7+175335]
	Ordinal0 [0x0114A8ED+174317]
	Ordinal0 [0x01148CDB+167131]
	Ordinal0 [0x0113144A+70730]
	Ordinal0 [0x011324D0+74960]
	Ordinal0 [0x01132469+74857]
	Ordinal0 [0x012342F7+1131255]
	GetHandleVerifier [0x0133711D+523789]
	GetHandleVerifier [0x01336EB0+523168]
	GetHandleVerifier [0x0133E207+552695]
	GetHandleVerifier [0x0133791A+525834]
	Ordinal0 [0x0122B82C+1095724]
	Ordinal0 [0x0123636B+1139563]
	Ordinal0 [0x012364D3+1139923]
	Ordinal0 [0x01235455+1135701]
	BaseThreadInitThunk [0x748C8494+36]
	RtlAreBitsSet [0x77E94328+136]
	RtlAreBitsSet [0x77E942F8+88]

	at sun.reflect.NativeConstructorAccessorImpl.newInstance0(Native Method)
	at sun.reflect.NativeConstructorAccessorImpl.newInstance(NativeConstructorAccessorImpl.java:62)
	at sun.reflect.DelegatingConstructorAccessorImpl.newInstance(DelegatingConstructorAccessorImpl.java:45)
	at java.lang.reflect.Constructor.newInstance(Constructor.java:423)
	at org.openqa.selenium.remote.W3CHandshakeResponse.lambda$errorHandler$0(W3CHandshakeResponse.java:62)
	at org.openqa.selenium.remote.HandshakeResponse.lambda$getResponseFunction$0(HandshakeResponse.java:30)
	at org.openqa.selenium.remote.ProtocolHandshake.lambda$createSession$0(ProtocolHandshake.java:126)
	at java.util.stream.ReferencePipeline$3$1.accept(ReferencePipeline.java:193)
	at java.util.Spliterators$ArraySpliterator.tryAdvance(Spliterators.java:958)
	at java.util.stream.ReferencePipeline.forEachWithCancel(ReferencePipeline.java:126)
	at java.util.stream.AbstractPipeline.copyIntoWithCancel(AbstractPipeline.java:499)
	at java.util.stream.AbstractPipeline.copyInto(AbstractPipeline.java:486)
	at java.util.stream.AbstractPipeline.wrapAndCopyInto(AbstractPipeline.java:472)
	at java.util.stream.FindOps$FindOp.evaluateSequential(FindOps.java:152)
	at java.util.stream.AbstractPipeline.evaluate(AbstractPipeline.java:234)
	at java.util.stream.ReferencePipeline.findFirst(ReferencePipeline.java:464)
	at org.openqa.selenium.remote.ProtocolHandshake.createSession(ProtocolHandshake.java:128)
	at org.openqa.selenium.remote.ProtocolHandshake.createSession(ProtocolHandshake.java:74)
	at org.openqa.selenium.remote.HttpCommandExecutor.execute(HttpCommandExecutor.java:136)
	at org.openqa.selenium.remote.service.DriverCommandExecutor.execute(DriverCommandExecutor.java:83)
	at org.openqa.selenium.remote.RemoteWebDriver.execute(RemoteWebDriver.java:552)
	at org.openqa.selenium.remote.RemoteWebDriver.startSession(RemoteWebDriver.java:213)
	at org.openqa.selenium.remote.RemoteWebDriver.<init>(RemoteWebDriver.java:131)
	at org.openqa.selenium.chrome.ChromeDriver.<init>(ChromeDriver.java:181)
	at org.openqa.selenium.chrome.ChromeDriver.<init>(ChromeDriver.java:168)
	at org.openqa.selenium.chrome.ChromeDriver.<init>(ChromeDriver.java:123)
	at com.crm.qa.testcases.SeleniumTest.setUp(SeleniumTest.java:22)
	at sun.reflect.NativeMethodAccessorImpl.invoke0(Native Method)
	at sun.reflect.NativeMethodAccessorImpl.invoke(NativeMethodAccessorImpl.java:62)
	at sun.reflect.DelegatingMethodAccessorImpl.invoke(DelegatingMethodAccessorImpl.java:43)
	at java.lang.reflect.Method.invoke(Method.java:498)
	at org.testng.internal.MethodInvocationHelper.invokeMethod(MethodInvocationHelper.java:80)
	at org.testng.internal.Invoker.invokeConfigurationMethod(Invoker.java:564)
	at org.testng.internal.Invoker.invokeConfigurations(Invoker.java:213)
	at org.testng.internal.Invoker.invokeConfigurations(Invoker.java:138)
	at org.testng.SuiteRunner.privateRun(SuiteRunner.java:277)
	at org.testng.SuiteRunner.run(SuiteRunner.java:240)
	at org.testng.SuiteRunnerWorker.runSuite(SuiteRunnerWorker.java:52)
	at org.testng.SuiteRunnerWorker.run(SuiteRunnerWorker.java:86)
	at org.testng.TestNG.runSuitesSequentially(TestNG.java:1198)
	at org.testng.TestNG.runSuitesLocally(TestNG.java:1123)
	at org.testng.TestNG.run(TestNG.java:1031)
	at org.testng.remote.AbstractRemoteTestNG.run(AbstractRemoteTestNG.java:114)
	at org.testng.remote.RemoteTestNG.initAndRun(RemoteTestNG.java:251)
	at org.testng.remote.RemoteTestNG.main(RemoteTestNG.java:77)
]]>
    </failure>
  </testcase> <!-- @BeforeSuite setUp -->
  <testcase name="TC001_CheckifLogoisPresent" time="0.002" classname="com.crm.qa.testcases.SeleniumTest">
    <skipped/>
  </testcase> <!-- TC001_CheckifLogoisPresent -->
</testsuite> <!-- Default test -->
