<?xml version="1.0" encoding="UTF-8"?>
<!-- Generated by org.testng.reporters.JUnitXMLReporter -->
<testsuite hostname="LAPAA00102" name="Testing" tests="8" failures="0" timestamp="29 Oct 2020 16:28:48 GMT" time="0.011" errors="0">
  <testcase name="@BeforeSuite setUp" time="0.0" classname="com.crm.qa.testcases.FlightTestCases">
    <failure type="java.lang.IllegalStateException" message="The driver executable does not exist: C:\Users\Workspace\FressCRMAutomation\drivers\chromedriver.exe">
      <![CDATA[java.lang.IllegalStateException: The driver executable does not exist: C:\Users\Workspace\FressCRMAutomation\drivers\chromedriver.exe
	at com.google.common.base.Preconditions.checkState(Preconditions.java:585)
	at org.openqa.selenium.remote.service.DriverService.checkExecutable(DriverService.java:146)
	at org.openqa.selenium.remote.service.DriverService.findExecutable(DriverService.java:141)
	at org.openqa.selenium.chrome.ChromeDriverService.access$000(ChromeDriverService.java:35)
	at org.openqa.selenium.chrome.ChromeDriverService$Builder.findDefaultExecutable(ChromeDriverService.java:159)
	at org.openqa.selenium.remote.service.DriverService$Builder.build(DriverService.java:355)
	at org.openqa.selenium.chrome.ChromeDriverService.createDefaultService(ChromeDriverService.java:94)
	at org.openqa.selenium.chrome.ChromeDriver.<init>(ChromeDriver.java:157)
	at com.crm.qa.base.TestBase.getDriver(TestBase.java:83)
	at com.crm.qa.base.TestBase.initializaton(TestBase.java:58)
	at com.crm.qa.testcases.FlightTestCases.setUp(FlightTestCases.java:24)
	at org.apache.maven.surefire.testng.TestNGExecutor.run(TestNGExecutor.java:283)
	at org.apache.maven.surefire.testng.TestNGXmlTestSuite.execute(TestNGXmlTestSuite.java:75)
	at org.apache.maven.surefire.testng.TestNGProvider.invoke(TestNGProvider.java:120)
	at org.apache.maven.surefire.booter.ForkedBooter.invokeProviderInSameClassLoader(ForkedBooter.java:384)
	at org.apache.maven.surefire.booter.ForkedBooter.runSuitesInProcess(ForkedBooter.java:345)
	at org.apache.maven.surefire.booter.ForkedBooter.execute(ForkedBooter.java:126)
	at org.apache.maven.surefire.booter.ForkedBooter.main(ForkedBooter.java:418)
... Removed 15 stack frames]]>
    </failure>
  </testcase> <!-- @BeforeSuite setUp -->
  <testcase name="@BeforeMethod setUp" time="0.0" classname="com.crm.qa.testcases.SearchFlightTestCases">
    <skipped/>
  </testcase> <!-- @BeforeMethod setUp -->
  <testcase name="@BeforeMethod setUp" time="0.0" classname="com.crm.qa.testcases.SearchFlightTestCases">
    <skipped/>
  </testcase> <!-- @BeforeMethod setUp -->
  <testcase name="@BeforeMethod setUp" time="0.0" classname="com.crm.qa.testcases.SearchFlightTestCases">
    <skipped/>
  </testcase> <!-- @BeforeMethod setUp -->
  <testcase name="@BeforeMethod setUp" time="0.0" classname="com.crm.qa.testcases.SearchFlightTestCases">
    <skipped/>
  </testcase> <!-- @BeforeMethod setUp -->
  <testcase name="TC001_VerifyHeaderContent" time="0.0" classname="com.crm.qa.testcases.SearchFlightTestCases">
    <skipped/>
  </testcase> <!-- TC001_VerifyHeaderContent -->
  <testcase name="TC001_CheckifLogoisPresent" time="0.0" classname="com.crm.qa.testcases.FlightTestCases">
    <skipped/>
  </testcase> <!-- TC001_CheckifLogoisPresent -->
  <testcase name="TC002_SelectFlightOption" time="0.0" classname="com.crm.qa.testcases.FlightTestCases">
    <skipped/>
  </testcase> <!-- TC002_SelectFlightOption -->
  <testcase name="TC002_SearchFligh" time="0.0" classname="com.crm.qa.testcases.SearchFlightTestCases">
    <skipped/>
  </testcase> <!-- TC002_SearchFligh -->
  <testcase name="TC003_VerifyHeaderContent" time="0.0" classname="com.crm.qa.testcases.SearchFlightTestCases">
    <skipped/>
  </testcase> <!-- TC003_VerifyHeaderContent -->
  <testcase name="TC003_CheckifLogoisPresent" time="0.0" classname="com.crm.qa.testcases.FlightTestCases">
    <skipped/>
  </testcase> <!-- TC003_CheckifLogoisPresent -->
  <testcase name="TC004_SelectFlightOption" time="0.001" classname="com.crm.qa.testcases.FlightTestCases">
    <skipped/>
  </testcase> <!-- TC004_SelectFlightOption -->
  <testcase name="TC005_VerifyHeaderContent" time="0.0" classname="com.crm.qa.testcases.SearchFlightTestCases">
    <skipped/>
  </testcase> <!-- TC005_VerifyHeaderContent -->
</testsuite> <!-- Testing -->
