<html>
<head>
<title>TestNG:  Testing</title>
<link href="../testng.css" rel="stylesheet" type="text/css" />
<link href="../my-testng.css" rel="stylesheet" type="text/css" />

<style type="text/css">
.log { display: none;} 
.stack-trace { display: none;} 
</style>
<script type="text/javascript">
<!--
function flip(e) {
  current = e.style.display;
  if (current == 'block') {
    e.style.display = 'none';
    return 0;
  }
  else {
    e.style.display = 'block';
    return 1;
  }
}

function toggleBox(szDivId, elem, msg1, msg2)
{
  var res = -1;  if (document.getElementById) {
    res = flip(document.getElementById(szDivId));
  }
  else if (document.all) {
    // this is the way old msie versions work
    res = flip(document.all[szDivId]);
  }
  if(elem) {
    if(res == 0) elem.innerHTML = msg1; else elem.innerHTML = msg2;
  }

}

function toggleAllBoxes() {
  if (document.getElementsByTagName) {
    d = document.getElementsByTagName('div');
    for (i = 0; i < d.length; i++) {
      if (d[i].className == 'log') {
        flip(d[i]);
      }
    }
  }
}

// -->
</script>

</head>
<body>
<h2 align='center'>Testing</h2><table border='1' align="center">
<tr>
<td>Tests passed/Failed/Skipped:</td><td>0/0/8</td>
</tr><tr>
<td>Started on:</td><td>Thu Oct 29 16:28:48 GMT 2020</td>
</tr>
<tr><td>Total time:</td><td>0 seconds (11 ms)</td>
</tr><tr>
<td>Included groups:</td><td></td>
</tr><tr>
<td>Excluded groups:</td><td></td>
</tr>
</table><p/>
<small><i>(Hover the method name to see the test class name)</i></small><p/>
<table width='100%' border='1' class='invocation-failed'>
<tr><td colspan='4' align='center'><b>FAILED CONFIGURATIONS</b></td></tr>
<tr><td><b>Test method</b></td>
<td width="30%"><b>Exception</b></td>
<td width="10%"><b>Time (seconds)</b></td>
<td><b>Instance</b></td>
</tr>
<tr>
<td title='com.crm.qa.testcases.FlightTestCases.setUp()'><b>setUp</b><br>Test class: com.crm.qa.testcases.FlightTestCases</td>
<td><div><pre>java.lang.IllegalStateException: The driver executable does not exist: C:\Users\Workspace\FressCRMAutomation\drivers\chromedriver.exe
	at com.google.common.base.Preconditions.checkState(Preconditions.java:585)
	at org.openqa.selenium.remote.service.DriverService.checkExecutable(DriverService.java:146)
	at org.openqa.selenium.remote.service.DriverService.findExecutable(DriverService.java:141)
	at org.openqa.selenium.chrome.ChromeDriverService.access$000(ChromeDriverService.java:35)
	at org.openqa.selenium.chrome.ChromeDriverService$Builder.findDefaultExecutable(ChromeDriverService.java:159)
	at org.openqa.selenium.remote.service.DriverService$Builder.build(DriverService.java:355)
	at org.openqa.selenium.chrome.ChromeDriverService.createDefaultService(ChromeDriverService.java:94)
	at org.openqa.selenium.chrome.ChromeDriver.&lt;init&gt;(ChromeDriver.java:157)
	at com.crm.qa.base.TestBase.getDriver(TestBase.java:83)
	at com.crm.qa.base.TestBase.initializaton(TestBase.java:58)
	at com.crm.qa.testcases.FlightTestCases.setUp(FlightTestCases.java:24)
	at org.apache.maven.surefire.testng.TestNGExecutor.run(TestNGExecutor.java:283)
	at org.apache.maven.surefire.testng.TestNGXmlTestSuite.execute(TestNGXmlTestSuite.java:75)
	at org.apache.maven.surefire.testng.TestNGProvider.invoke(TestNGProvider.java:120)
	at org.apache.maven.surefire.booter.ForkedBooter.invokeProviderInSameClassLoader(ForkedBooter.java:384)
	at org.apache.maven.surefire.booter.ForkedBooter.runSuitesInProcess(ForkedBooter.java:345)
	at org.apache.maven.surefire.booter.ForkedBooter.execute(ForkedBooter.java:126)
	at org.apache.maven.surefire.booter.ForkedBooter.main(ForkedBooter.java:418)
... Removed 15 stack frames</pre></div><a href='#' onClick='toggleBox("stack-trace1568059495", this, "Click to show all stack frames", "Click to hide stack frames")'>Click to show all stack frames</a>
<div class='stack-trace' id='stack-trace1568059495'><pre>java.lang.IllegalStateException: The driver executable does not exist: C:\Users\Workspace\FressCRMAutomation\drivers\chromedriver.exe
	at com.google.common.base.Preconditions.checkState(Preconditions.java:585)
	at org.openqa.selenium.remote.service.DriverService.checkExecutable(DriverService.java:146)
	at org.openqa.selenium.remote.service.DriverService.findExecutable(DriverService.java:141)
	at org.openqa.selenium.chrome.ChromeDriverService.access$000(ChromeDriverService.java:35)
	at org.openqa.selenium.chrome.ChromeDriverService$Builder.findDefaultExecutable(ChromeDriverService.java:159)
	at org.openqa.selenium.remote.service.DriverService$Builder.build(DriverService.java:355)
	at org.openqa.selenium.chrome.ChromeDriverService.createDefaultService(ChromeDriverService.java:94)
	at org.openqa.selenium.chrome.ChromeDriver.&lt;init&gt;(ChromeDriver.java:157)
	at com.crm.qa.base.TestBase.getDriver(TestBase.java:83)
	at com.crm.qa.base.TestBase.initializaton(TestBase.java:58)
	at com.crm.qa.testcases.FlightTestCases.setUp(FlightTestCases.java:24)
	at sun.reflect.NativeMethodAccessorImpl.invoke0(Native Method)
	at sun.reflect.NativeMethodAccessorImpl.invoke(NativeMethodAccessorImpl.java:62)
	at sun.reflect.DelegatingMethodAccessorImpl.invoke(DelegatingMethodAccessorImpl.java:43)
	at java.lang.reflect.Method.invoke(Method.java:498)
	at org.testng.internal.MethodInvocationHelper.invokeMethod(MethodInvocationHelper.java:80)
	at org.testng.internal.Invoker.invokeConfigurationMethod(Invoker.java:564)
	at org.testng.internal.Invoker.invokeConfigurations(Invoker.java:213)
	at org.testng.internal.Invoker.invokeConfigurations(Invoker.java:138)
	at org.testng.SuiteRunner.privateRun(SuiteRunner.java:277)
	at org.testng.SuiteRunner.run(SuiteRunner.java:240)
	at org.testng.SuiteRunnerWorker.runSuite(SuiteRunnerWorker.java:52)
	at org.testng.SuiteRunnerWorker.run(SuiteRunnerWorker.java:86)
	at org.testng.TestNG.runSuitesSequentially(TestNG.java:1198)
	at org.testng.TestNG.runSuitesLocally(TestNG.java:1123)
	at org.testng.TestNG.run(TestNG.java:1031)
	at org.apache.maven.surefire.testng.TestNGExecutor.run(TestNGExecutor.java:283)
	at org.apache.maven.surefire.testng.TestNGXmlTestSuite.execute(TestNGXmlTestSuite.java:75)
	at org.apache.maven.surefire.testng.TestNGProvider.invoke(TestNGProvider.java:120)
	at org.apache.maven.surefire.booter.ForkedBooter.invokeProviderInSameClassLoader(ForkedBooter.java:384)
	at org.apache.maven.surefire.booter.ForkedBooter.runSuitesInProcess(ForkedBooter.java:345)
	at org.apache.maven.surefire.booter.ForkedBooter.execute(ForkedBooter.java:126)
	at org.apache.maven.surefire.booter.ForkedBooter.main(ForkedBooter.java:418)
</pre></div></td>
<td>0</td>
<td>null</td></tr>
</table><p>
<table width='100%' border='1' class='invocation-skipped'>
<tr><td colspan='4' align='center'><b>SKIPPED CONFIGURATIONS</b></td></tr>
<tr><td><b>Test method</b></td>
<td width="30%"><b>Exception</b></td>
<td width="10%"><b>Time (seconds)</b></td>
<td><b>Instance</b></td>
</tr>
<tr>
<td title='com.crm.qa.testcases.SearchFlightTestCases.setUp()'><b>setUp</b><br>Test class: com.crm.qa.testcases.SearchFlightTestCases</td>
<td></td>
<td>0</td>
<td>com.crm.qa.testcases.SearchFlightTestCases@47f6473</td></tr>
<tr>
<td title='com.crm.qa.testcases.SearchFlightTestCases.setUp()'><b>setUp</b><br>Test class: com.crm.qa.testcases.SearchFlightTestCases</td>
<td></td>
<td>0</td>
<td>com.crm.qa.testcases.SearchFlightTestCases@47f6473</td></tr>
<tr>
<td title='com.crm.qa.testcases.SearchFlightTestCases.setUp()'><b>setUp</b><br>Test class: com.crm.qa.testcases.SearchFlightTestCases</td>
<td></td>
<td>0</td>
<td>com.crm.qa.testcases.SearchFlightTestCases@47f6473</td></tr>
<tr>
<td title='com.crm.qa.testcases.SearchFlightTestCases.setUp()'><b>setUp</b><br>Test class: com.crm.qa.testcases.SearchFlightTestCases</td>
<td></td>
<td>0</td>
<td>com.crm.qa.testcases.SearchFlightTestCases@47f6473</td></tr>
</table><p>
<table width='100%' border='1' class='invocation-skipped'>
<tr><td colspan='4' align='center'><b>SKIPPED TESTS</b></td></tr>
<tr><td><b>Test method</b></td>
<td width="30%"><b>Exception</b></td>
<td width="10%"><b>Time (seconds)</b></td>
<td><b>Instance</b></td>
</tr>
<tr>
<td title='com.crm.qa.testcases.FlightTestCases.TC001_CheckifLogoisPresent()'><b>TC001_CheckifLogoisPresent</b><br>Test class: com.crm.qa.testcases.FlightTestCases</td>
<td></td>
<td>0</td>
<td>com.crm.qa.testcases.FlightTestCases@180bc464</td></tr>
<tr>
<td title='com.crm.qa.testcases.SearchFlightTestCases.TC001_VerifyHeaderContent()'><b>TC001_VerifyHeaderContent</b><br>Test class: com.crm.qa.testcases.SearchFlightTestCases</td>
<td></td>
<td>0</td>
<td>com.crm.qa.testcases.SearchFlightTestCases@47f6473</td></tr>
<tr>
<td title='com.crm.qa.testcases.SearchFlightTestCases.TC002_SearchFligh()'><b>TC002_SearchFligh</b><br>Test class: com.crm.qa.testcases.SearchFlightTestCases</td>
<td></td>
<td>0</td>
<td>com.crm.qa.testcases.SearchFlightTestCases@47f6473</td></tr>
<tr>
<td title='com.crm.qa.testcases.FlightTestCases.TC002_SelectFlightOption()'><b>TC002_SelectFlightOption</b><br>Test class: com.crm.qa.testcases.FlightTestCases</td>
<td></td>
<td>0</td>
<td>com.crm.qa.testcases.FlightTestCases@180bc464</td></tr>
<tr>
<td title='com.crm.qa.testcases.FlightTestCases.TC003_CheckifLogoisPresent()'><b>TC003_CheckifLogoisPresent</b><br>Test class: com.crm.qa.testcases.FlightTestCases</td>
<td></td>
<td>0</td>
<td>com.crm.qa.testcases.FlightTestCases@180bc464</td></tr>
<tr>
<td title='com.crm.qa.testcases.SearchFlightTestCases.TC003_VerifyHeaderContent()'><b>TC003_VerifyHeaderContent</b><br>Test class: com.crm.qa.testcases.SearchFlightTestCases</td>
<td></td>
<td>0</td>
<td>com.crm.qa.testcases.SearchFlightTestCases@47f6473</td></tr>
<tr>
<td title='com.crm.qa.testcases.FlightTestCases.TC004_SelectFlightOption()'><b>TC004_SelectFlightOption</b><br>Test class: com.crm.qa.testcases.FlightTestCases</td>
<td></td>
<td>0</td>
<td>com.crm.qa.testcases.FlightTestCases@180bc464</td></tr>
<tr>
<td title='com.crm.qa.testcases.SearchFlightTestCases.TC005_VerifyHeaderContent()'><b>TC005_VerifyHeaderContent</b><br>Test class: com.crm.qa.testcases.SearchFlightTestCases</td>
<td></td>
<td>0</td>
<td>com.crm.qa.testcases.SearchFlightTestCases@47f6473</td></tr>
</table><p>
</body>
</html>